<?xml version="1.0" encoding="UTF-8"?>
<testng-results ignored="0" total="2" passed="1" failed="1" skipped="0">
  <reporter-output>
  </reporter-output>
  <suite started-at="2023-02-21T13:09:46 IST" name="Default suite" finished-at="2023-02-21T13:10:30 IST" duration-ms="44169">
    <groups>
    </groups>
    <test started-at="2023-02-21T13:09:46 IST" name="Default test" finished-at="2023-02-21T13:10:30 IST" duration-ms="44169">
      <class name="Module1_Home.Insurance_TestNG_TestClass">
        <test-method is-config="true" signature="OpenBrowser()[pri:0, instance:Module1_Home.Insurance_TestNG_TestClass@f0da945]" started-at="2023-02-21T13:09:46 IST" name="OpenBrowser" finished-at="2023-02-21T13:10:08 IST" duration-ms="21904" status="PASS">
          <reporter-output>
          </reporter-output>
        </test-method> <!-- OpenBrowser -->
        <test-method is-config="true" signature="LogintoApp()[pri:0, instance:Module1_Home.Insurance_TestNG_TestClass@f0da945]" started-at="2023-02-21T13:10:08 IST" name="LogintoApp" finished-at="2023-02-21T13:10:12 IST" duration-ms="4269" status="PASS">
          <reporter-output>
          </reporter-output>
        </test-method> <!-- LogintoApp -->
        <test-method signature="VerifyEmail()[pri:1, instance:Module1_Home.Insurance_TestNG_TestClass@f0da945]" started-at="2023-02-21T13:10:12 IST" name="VerifyEmail" finished-at="2023-02-21T13:10:19 IST" duration-ms="6911" status="FAIL">
          <exception class="java.lang.AssertionError">
            <message>
              <![CDATA[expected [saradeg41@gmail.co] but found [saradeg41@gmail.com]]]>
            </message>
            <full-stacktrace>
              <![CDATA[java.lang.AssertionError: expected [saradeg41@gmail.co] but found [saradeg41@gmail.com]
at org.testng.Assert.fail(Assert.java:99)
at org.testng.Assert.failNotEquals(Assert.java:1037)
at org.testng.Assert.assertEqualsImpl(Assert.java:140)
at org.testng.Assert.assertEquals(Assert.java:122)
at org.testng.Assert.assertEquals(Assert.java:629)
at org.testng.Assert.assertEquals(Assert.java:639)
at Module1_Home.Insurance_TestNG_TestClass.VerifyEmail(Insurance_TestNG_TestClass.java:56)
at java.base/jdk.internal.reflect.NativeMethodAccessorImpl.invoke0(Native Method)
at java.base/jdk.internal.reflect.NativeMethodAccessorImpl.invoke(NativeMethodAccessorImpl.java:77)
at java.base/jdk.internal.reflect.DelegatingMethodAccessorImpl.invoke(DelegatingMethodAccessorImpl.java:43)
at java.base/java.lang.reflect.Method.invoke(Method.java:568)
at org.testng.internal.MethodInvocationHelper.invokeMethod(MethodInvocationHelper.java:133)
at org.testng.internal.TestInvoker.invokeMethod(TestInvoker.java:598)
at org.testng.internal.TestInvoker.invokeTestMethod(TestInvoker.java:173)
at org.testng.internal.MethodRunner.runInSequence(MethodRunner.java:46)
at org.testng.internal.TestInvoker$MethodInvocationAgent.invoke(TestInvoker.java:824)
at org.testng.internal.TestInvoker.invokeTestMethods(TestInvoker.java:146)
at org.testng.internal.TestMethodWorker.invokeTestMethods(TestMethodWorker.java:146)
at org.testng.internal.TestMethodWorker.run(TestMethodWorker.java:128)
at java.base/java.util.ArrayList.forEach(ArrayList.java:1511)
at org.testng.TestRunner.privateRun(TestRunner.java:794)
at org.testng.TestRunner.run(TestRunner.java:596)
at org.testng.SuiteRunner.runTest(SuiteRunner.java:377)
at org.testng.SuiteRunner.runSequentially(SuiteRunner.java:371)
at org.testng.SuiteRunner.privateRun(SuiteRunner.java:332)
at org.testng.SuiteRunner.run(SuiteRunner.java:276)
at org.testng.SuiteRunnerWorker.runSuite(SuiteRunnerWorker.java:53)
at org.testng.SuiteRunnerWorker.run(SuiteRunnerWorker.java:96)
at org.testng.TestNG.runSuitesSequentially(TestNG.java:1212)
at org.testng.TestNG.runSuitesLocally(TestNG.java:1134)
at org.testng.TestNG.runSuites(TestNG.java:1063)
at org.testng.TestNG.run(TestNG.java:1031)
at org.testng.remote.AbstractRemoteTestNG.run(AbstractRemoteTestNG.java:115)
at org.testng.remote.RemoteTestNG.initAndRun(RemoteTestNG.java:251)
at org.testng.remote.RemoteTestNG.main(RemoteTestNG.java:77)
]]>
            </full-stacktrace>
          </exception> <!-- java.lang.AssertionError -->
          <reporter-output>
          </reporter-output>
        </test-method> <!-- VerifyEmail -->
        <test-method is-config="true" signature="logout(org.testng.ITestResult)[pri:0, instance:Module1_Home.Insurance_TestNG_TestClass@f0da945]" started-at="2023-02-21T13:10:19 IST" name="logout" finished-at="2023-02-21T13:10:23 IST" duration-ms="3686" status="PASS">
          <params>
            <param index="0">
              <value>
                <![CDATA[[TestResult name=VerifyEmail status=FAILURE method=Insurance_TestNG_TestClass.VerifyEmail()[pri:1, instance:Module1_Home.Insurance_TestNG_TestClass@f0da945] output={null}]]]>
              </value>
            </param>
          </params>
          <reporter-output>
          </reporter-output>
        </test-method> <!-- logout -->
        <test-method is-config="true" signature="LogintoApp()[pri:0, instance:Module1_Home.Insurance_TestNG_TestClass@f0da945]" started-at="2023-02-21T13:10:23 IST" name="LogintoApp" finished-at="2023-02-21T13:10:26 IST" duration-ms="3042" status="PASS">
          <reporter-output>
          </reporter-output>
        </test-method> <!-- LogintoApp -->
        <test-method signature="getTitle()[pri:2, instance:Module1_Home.Insurance_TestNG_TestClass@f0da945]" started-at="2023-02-21T13:10:26 IST" name="getTitle" finished-at="2023-02-21T13:10:26 IST" duration-ms="69" status="PASS">
          <reporter-output>
          </reporter-output>
        </test-method> <!-- getTitle -->
        <test-method is-config="true" signature="logout(org.testng.ITestResult)[pri:0, instance:Module1_Home.Insurance_TestNG_TestClass@f0da945]" started-at="2023-02-21T13:10:26 IST" name="logout" finished-at="2023-02-21T13:10:29 IST" duration-ms="2600" status="PASS">
          <params>
            <param index="0">
              <value>
                <![CDATA[[TestResult name=getTitle status=SUCCESS method=Insurance_TestNG_TestClass.getTitle()[pri:2, instance:Module1_Home.Insurance_TestNG_TestClass@f0da945] output={null}]]]>
              </value>
            </param>
          </params>
          <reporter-output>
          </reporter-output>
        </test-method> <!-- logout -->
        <test-method is-config="true" signature="CloseBrowser()[pri:0, instance:Module1_Home.Insurance_TestNG_TestClass@f0da945]" started-at="2023-02-21T13:10:29 IST" name="CloseBrowser" finished-at="2023-02-21T13:10:30 IST" duration-ms="1395" status="PASS">
          <reporter-output>
          </reporter-output>
        </test-method> <!-- CloseBrowser -->
      </class> <!-- Module1_Home.Insurance_TestNG_TestClass -->
    </test> <!-- Default test -->
  </suite> <!-- Default suite -->
</testng-results>
